#
# A fatal error has been detected by the Java Runtime Environment:
#
#  SIGSEGV (0xb) at pc=0x00007f1286794a00, pid=6274, tid=139717216552720
#
# JRE version: 6.0_25-b03
# Java VM: Java HotSpot(TM) 64-Bit Server VM (20.0-b10 mixed mode linux-amd64 compressed oops)
# Problematic frame:
# C  [ld-linux-x86-64.so.2+0x15a00]  _dl_make_stack_executable+0x3220
#
# If you would like to submit a bug report, please visit:
#   http://java.sun.com/webapps/bugreport/crash.jsp
# The crash happened outside the Java Virtual Machine in native code.
# See problematic frame for where to report the bug.
#

---------------  T H R E A D  ---------------

Current thread (0x00007f127c245800):  JavaThread "AWT-EventQueue-0" [_thread_in_native, id=6296, stack(0x00007f1272bfc000,0x00007f12730fd000)]

siginfo:si_signo=SIGSEGV: si_errno=0, si_code=128 (), si_addr=0x0000000000000000

Registers:
RAX=0x0000000000000001, RBX=0x00007f127c006250, RCX=0x000000001fbae3ff, RDX=0x00000000bfebfbff
RSP=0x00007f12730f8cc8, RBP=0x00007f12730f8df0, RSI=0x0000000000000000, RDI=0x0000000000000058
R8 =0x0000000000000000, R9 =0x0000000000000000, R10=0x00007f12730f8c40, R11=0x00007f127c006250
R12=0x0000000000000000, R13=0x00007f12730f8e18, R14=0x00007f127c014570, R15=0x0000000000000000
RIP=0x00007f1286794a00, EFLAGS=0x0000000000010202, CSGSFS=0x0000000000000033, ERR=0x0000000000000000
  TRAPNO=0x000000000000000d

Top of Stack: (sp=0x00007f12730f8cc8)
0x00007f12730f8cc8:   00007f128678a2c1 0000000000000000
0x00007f12730f8cd8:   0000000000000000 0000000000000005
0x00007f12730f8ce8:   0000000000000000 00007f1200000001
0x00007f12730f8cf8:   00007f127c014570 00007f1200000000
0x00007f12730f8d08:   0000000000000000 0000000000000058
0x00007f12730f8d18:   0000000000000004 00007f127c0148c8
0x00007f12730f8d28:   000000000000000f 00007f120000000a
0x00007f12730f8d38:   000000010000000c 00000000e0521468
0x00007f12730f8d48:   00007f12790c5ff1 0000000000000112
0x00007f12730f8d58:   00007f12730f8f98 00007f12730f8d80
0x00007f12730f8d68:   00000000000003c0 0000000000000060
0x00007f12730f8d78:   0000000000000036 00007f12730f8e10
0x00007f12730f8d88:   00007f12858da3d6 0000000000000000
0x00007f12730f8d98:   00007f1286359e40 00007f127a22bca0
0x00007f12730f8da8:   00007f127c006250 00007f127c245800
0x00007f12730f8db8:   000000000be20264 00007f127c245800
0x00007f12730f8dc8:   0000000000000005 000000000018c558
0x00007f12730f8dd8:   0000000000000000 00007f12745142c0
0x00007f12730f8de8:   00007f12730f8fc8 00007f12790c4000
0x00007f12730f8df8:   00007f128678d7a1 0000000000000005
0x00007f12730f8e08:   0000000000000000 00007f1285e61520
0x00007f12730f8e18:   00007f12790c5480 0000000000000001
0x00007f12730f8e28:   0000000040354130 00007f127c2459d0
0x00007f12730f8e38:   00007f12730f8eb0 00007f1274514400
0x00007f12730f8e48:   00007f1286794445 0000000000000015
0x00007f12730f8e58:   00007f1274514400 00007f12745142c0
0x00007f12730f8e68:   00007f12730f8fc8 00007f127c2459d0
0x00007f12730f8e78:   00007f12730f8eb0 0000000040354140
0x00007f12730f8e88:   00007f127c014570 0000000000000039
0x00007f12730f8e98:   00007f12791086c0 00007f1200000015
0x00007f12730f8ea8:   00007f12813e9a82 0000005e00000154
0x00007f12730f8eb8:   00000069000001d8 00000000ff000000 

Instructions: (pc=0x00007f1286794a00)
0x00007f12867949e0:   00 0f a2 4c 89 db b8 01 00 00 00 f7 c1 00 00 00
0x00007f12867949f0:   10 75 02 f7 d8 89 05 95 b5 20 00 83 f8 00 78 51
0x00007f1286794a00:   64 c5 fd 7f 04 25 80 00 00 00 64 c5 fd 7f 0c 25
0x00007f1286794a10:   a0 00 00 00 64 c5 fd 7f 14 25 c0 00 00 00 64 c5 

Register to memory mapping:

RAX=0x0000000000000001 is an unknown value
RBX=0x00007f127c006250 is an unknown value
RCX=0x000000001fbae3ff is an unknown value
RDX=0x00000000bfebfbff is an unknown value
RSP=0x00007f12730f8cc8 is pointing into the stack for thread: 0x00007f127c245800
RBP=0x00007f12730f8df0 is pointing into the stack for thread: 0x00007f127c245800
RSI=0x0000000000000000 is an unknown value
RDI=0x0000000000000058 is an unknown value
R8 =0x0000000000000000 is an unknown value
R9 =0x0000000000000000 is an unknown value
R10=0x00007f12730f8c40 is pointing into the stack for thread: 0x00007f127c245800
R11=0x00007f127c006250 is an unknown value
R12=0x0000000000000000 is an unknown value
R13=0x00007f12730f8e18 is pointing into the stack for thread: 0x00007f127c245800
R14=0x00007f127c014570 is an unknown value
R15=0x0000000000000000 is an unknown value


Stack: [0x00007f1272bfc000,0x00007f12730fd000],  sp=0x00007f12730f8cc8,  free space=5107k
Native frames: (J=compiled Java code, j=interpreted, Vv=VM code, C=native code)
C  [ld-linux-x86-64.so.2+0x15a00]  _dl_make_stack_executable+0x3220

Java frames: (J=compiled Java code, j=interpreted, Vv=VM code)
j  sun.font.X11TextRenderer.doDrawGlyphList(JJLsun/java2d/pipe/Region;Lsun/font/GlyphList;)V+0
j  sun.font.X11TextRenderer.drawGlyphList(Lsun/java2d/SunGraphics2D;Lsun/font/GlyphList;)V+41
j  sun.java2d.pipe.GlyphListPipe.drawString(Lsun/java2d/SunGraphics2D;Ljava/lang/String;DD)V+158
j  sun.java2d.SunGraphics2D.drawString(Ljava/lang/String;II)V+60
j  com.jgoodies.looks.plastic.PlasticInternalFrameTitlePane.paintComponent(Ljava/awt/Graphics;)V+509
j  javax.swing.JComponent.paint(Ljava/awt/Graphics;)V+290
j  javax.swing.JComponent.paintChildren(Ljava/awt/Graphics;)V+512
j  javax.swing.JComponent.paint(Ljava/awt/Graphics;)V+322
j  javax.swing.JComponent.paintChildren(Ljava/awt/Graphics;)V+512
j  javax.swing.JComponent.paint(Ljava/awt/Graphics;)V+322
j  javax.swing.JLayeredPane.paint(Ljava/awt/Graphics;)V+73
j  javax.swing.JComponent.paintChildren(Ljava/awt/Graphics;)V+512
j  javax.swing.JSplitPane.paintChildren(Ljava/awt/Graphics;)V+2
j  javax.swing.JComponent.paint(Ljava/awt/Graphics;)V+322
j  javax.swing.JComponent.paintChildren(Ljava/awt/Graphics;)V+512
j  javax.swing.JSplitPane.paintChildren(Ljava/awt/Graphics;)V+2
j  javax.swing.JComponent.paint(Ljava/awt/Graphics;)V+322
j  javax.swing.JComponent.paintChildren(Ljava/awt/Graphics;)V+512
j  javax.swing.JSplitPane.paintChildren(Ljava/awt/Graphics;)V+2
j  javax.swing.JComponent.paint(Ljava/awt/Graphics;)V+322
j  javax.swing.JComponent.paintChildren(Ljava/awt/Graphics;)V+512
j  javax.swing.JComponent.paint(Ljava/awt/Graphics;)V+322
j  javax.swing.JComponent.paintChildren(Ljava/awt/Graphics;)V+512
j  javax.swing.JComponent.paint(Ljava/awt/Graphics;)V+322
j  javax.swing.JLayeredPane.paint(Ljava/awt/Graphics;)V+73
j  javax.swing.JComponent.paintChildren(Ljava/awt/Graphics;)V+512
j  javax.swing.JComponent.paintToOffscreen(Ljava/awt/Graphics;IIIIII)V+72
j  javax.swing.BufferStrategyPaintManager.paint(Ljavax/swing/JComponent;Ljavax/swing/JComponent;Ljava/awt/Graphics;IIII)Z+157
j  javax.swing.RepaintManager.paint(Ljavax/swing/JComponent;Ljavax/swing/JComponent;Ljava/awt/Graphics;IIII)V+52
j  javax.swing.JComponent.paint(Ljava/awt/Graphics;)V+225
j  java.awt.GraphicsCallback$PaintCallback.run(Ljava/awt/Component;Ljava/awt/Graphics;)V+2
j  sun.awt.SunGraphicsCallback.runOneComponent(Ljava/awt/Component;Ljava/awt/Rectangle;Ljava/awt/Graphics;Ljava/awt/Shape;I)V+155
j  sun.awt.SunGraphicsCallback.runComponents([Ljava/awt/Component;Ljava/awt/Graphics;I)V+104
j  java.awt.Container.paint(Ljava/awt/Graphics;)V+73
j  java.awt.Window.paint(Ljava/awt/Graphics;)V+72
j  javax.swing.RepaintManager.paintDirtyRegions(Ljava/util/Map;)V+250
j  javax.swing.RepaintManager.paintDirtyRegions()V+46
j  javax.swing.RepaintManager.seqPaintDirtyRegions()V+73
j  javax.swing.SystemEventQueueUtilities$ComponentWorkRequest.run()V+36
j  java.awt.event.InvocationEvent.dispatch()V+47
j  java.awt.EventQueue.dispatchEventImpl(Ljava/awt/AWTEvent;Ljava/lang/Object;)V+21
j  java.awt.EventQueue.access$000(Ljava/awt/EventQueue;Ljava/awt/AWTEvent;Ljava/lang/Object;)V+3
j  java.awt.EventQueue$1.run()Ljava/lang/Void;+12
j  java.awt.EventQueue$1.run()Ljava/lang/Object;+1
v  ~StubRoutines::call_stub
j  java.security.AccessController.doPrivileged(Ljava/security/PrivilegedAction;Ljava/security/AccessControlContext;)Ljava/lang/Object;+0
j  java.security.AccessControlContext$1.doIntersectionPrivilege(Ljava/security/PrivilegedAction;Ljava/security/AccessControlContext;Ljava/security/AccessControlContext;)Ljava/lang/Object;+28
j  java.awt.EventQueue.dispatchEvent(Ljava/awt/AWTEvent;)V+46
j  java.awt.EventDispatchThread.pumpOneEventForFilters(I)Z+204
j  java.awt.EventDispatchThread.pumpEventsForFilter(ILjava/awt/Conditional;Ljava/awt/EventFilter;)V+30
j  java.awt.EventDispatchThread.pumpEventsForHierarchy(ILjava/awt/Conditional;Ljava/awt/Component;)V+11
j  java.awt.EventDispatchThread.pumpEvents(ILjava/awt/Conditional;)V+4
j  java.awt.EventDispatchThread.pumpEvents(Ljava/awt/Conditional;)V+3
j  java.awt.EventDispatchThread.run()V+9
v  ~StubRoutines::call_stub

---------------  P R O C E S S  ---------------

Java Threads: ( => current thread )
  0x0000000040111000 JavaThread "DestroyJavaVM" [_thread_blocked, id=6275, stack(0x00007f1284c4d000,0x00007f128514e000)]
  0x0000000040415000 JavaThread "TimerQueue" daemon [_thread_blocked, id=6297, stack(0x00007f12724f8000,0x00007f12729f9000)]
=>0x00007f127c245800 JavaThread "AWT-EventQueue-0" [_thread_in_native, id=6296, stack(0x00007f1272bfc000,0x00007f12730fd000)]
  0x00007f127c244800 JavaThread "AWT-Shutdown" [_thread_blocked, id=6295, stack(0x00007f12730fd000,0x00007f12735fe000)]
  0x00007f127c089000 JavaThread "AWT-XAWT" daemon [_thread_in_native, id=6293, stack(0x00007f1273aff000,0x00007f1274000000)]
  0x00007f127c03f000 JavaThread "Java2D Disposer" daemon [_thread_blocked, id=6292, stack(0x00007f1278bc3000,0x00007f12790c4000)]
  0x00007f1274025800 JavaThread "Low Memory Detector" daemon [_thread_blocked, id=6290, stack(0x00007f127a7c1000,0x00007f127acc2000)]
  0x00007f1274023000 JavaThread "C2 CompilerThread1" daemon [_thread_blocked, id=6289, stack(0x00007f127acc2000,0x00007f127adc3000)]
  0x00007f1274020000 JavaThread "C2 CompilerThread0" daemon [_thread_blocked, id=6288, stack(0x00007f127adc3000,0x00007f127aec4000)]
  0x00007f127401e000 JavaThread "Signal Dispatcher" daemon [_thread_blocked, id=6287, stack(0x00007f127aec4000,0x00007f127b3c5000)]
  0x00007f1274001000 JavaThread "Finalizer" daemon [_thread_blocked, id=6286, stack(0x00007f127b3fc000,0x00007f127b8fd000)]
  0x00000000401a4800 JavaThread "Reference Handler" daemon [_thread_blocked, id=6285, stack(0x00007f127b8fd000,0x00007f127bdfe000)]

Other Threads:
  0x000000004019e000 VMThread [stack: 0x00007f127bdfe000,0x00007f127beff000] [id=6284]
  0x00007f1274030000 WatcherThread [stack: 0x00007f127a6c0000,0x00007f127a7c1000] [id=6291]

VM state:not at safepoint (normal execution)

VM Mutex/Monitor currently owned by a thread: None

Heap
 PSYoungGen      total 74560K, used 17731K [0x00000000f5560000, 0x00000000fa890000, 0x0000000100000000)
  eden space 63936K, 17% used [0x00000000f5560000,0x00000000f6097bd0,0x00000000f93d0000)
  from space 10624K, 58% used [0x00000000f9e30000,0x00000000fa4491b0,0x00000000fa890000)
  to   space 10624K, 0% used [0x00000000f93d0000,0x00000000f93d0000,0x00000000f9e30000)
 PSOldGen        total 170432K, used 6149K [0x00000000e0000000, 0x00000000ea670000, 0x00000000f5560000)
  object space 170432K, 3% used [0x00000000e0000000,0x00000000e0601680,0x00000000ea670000)
 PSPermGen       total 50368K, used 30564K [0x00000000dae00000, 0x00000000ddf30000, 0x00000000e0000000)
  object space 50368K, 60% used [0x00000000dae00000,0x00000000dcbd92a0,0x00000000ddf30000)

Code Cache  [0x00007f12813e4000, 0x00007f1281654000, 0x00007f12843e4000)
 total_blobs=892 nmethods=319 adapters=527 free_code_cache=48821504 largest_free_block=23552

Dynamic libraries:
40000000-40009000 r-xp 00000000 00:15 9581299                            /usr/local/stow/jdk-6u25-ea-bin-b03/lib/jdk-6u25-ea-bin-b03/bin/java
40108000-4010a000 rwxp 00008000 00:15 9581299                            /usr/local/stow/jdk-6u25-ea-bin-b03/lib/jdk-6u25-ea-bin-b03/bin/java
4010a000-40a33000 rwxp 00000000 00:00 0                                  [heap]
dae00000-ddf30000 rwxp 00000000 00:00 0 
ddf30000-e0000000 rwxp 00000000 00:00 0 
e0000000-ea670000 rwxp 00000000 00:00 0 
ea670000-f5560000 rwxp 00000000 00:00 0 
f5560000-fa890000 rwxp 00000000 00:00 0 
fa890000-100000000 rwxp 00000000 00:00 0 
7f126fe26000-7f126fe3d000 rwxs 00000000 00:04 10223647                   /SYSV00000000 (deleted)
7f126fe3d000-7f126fe40000 ---p 00000000 00:00 0 
7f126fe40000-7f127033e000 rwxp 00000000 00:00 0 
7f127033e000-7f1270341000 ---p 00000000 00:00 0 
7f1270341000-7f127083f000 rwxp 00000000 00:00 0 
7f127083f000-7f1270aaa000 rwxs 00000000 00:04 9404440                    /SYSV00000000 (deleted)
7f1270aaa000-7f1270ab0000 r-xp 00000000 00:15 11995001                   /usr/local/stow/jdk-6u25-ea-bin-b03/lib/jdk-6u25-ea-bin-b03/jre/lib/amd64/libmanagement.so
7f1270ab0000-7f1270baf000 ---p 00006000 00:15 11995001                   /usr/local/stow/jdk-6u25-ea-bin-b03/lib/jdk-6u25-ea-bin-b03/jre/lib/amd64/libmanagement.so
7f1270baf000-7f1270bb1000 rwxp 00005000 00:15 11995001                   /usr/local/stow/jdk-6u25-ea-bin-b03/lib/jdk-6u25-ea-bin-b03/jre/lib/amd64/libmanagement.so
7f1270bb1000-7f1270bb4000 ---p 00000000 00:00 0 
7f1270bb4000-7f12710b2000 rwxp 00000000 00:00 0 
7f12710b2000-7f12710b5000 ---p 00000000 00:00 0 
7f12710b5000-7f12715b3000 rwxp 00000000 00:00 0 
7f12715b3000-7f12715b6000 ---p 00000000 00:00 0 
7f12715b6000-7f1271ab4000 rwxp 00000000 00:00 0 
7f1271ab4000-7f1271ab7000 ---p 00000000 00:00 0 
7f1271ab7000-7f1271fb5000 rwxp 00000000 00:00 0 
7f1271fb5000-7f1271fb8000 ---p 00000000 00:00 0 
7f1271fb8000-7f12724b6000 rwxp 00000000 00:00 0 
7f12724f8000-7f12724fb000 ---p 00000000 00:00 0 
7f12724fb000-7f12729f9000 rwxp 00000000 00:00 0 
7f12729f9000-7f12729fb000 r-xp 00000000 00:0f 25089139                   /usr/lib/gconv/ISO8859-1.so
7f12729fb000-7f1272bfa000 ---p 00002000 00:0f 25089139                   /usr/lib/gconv/ISO8859-1.so
7f1272bfa000-7f1272bfb000 r-xp 00001000 00:0f 25089139                   /usr/lib/gconv/ISO8859-1.so
7f1272bfb000-7f1272bfc000 rwxp 00002000 00:0f 25089139                   /usr/lib/gconv/ISO8859-1.so
7f1272bfc000-7f1272bff000 ---p 00000000 00:00 0 
7f1272bff000-7f12730fd000 rwxp 00000000 00:00 0 
7f12730fd000-7f1273100000 ---p 00000000 00:00 0 
7f1273100000-7f12735fe000 rwxp 00000000 00:00 0 
7f1273aff000-7f1273b02000 ---p 00000000 00:00 0 
7f1273b02000-7f1274000000 rwxp 00000000 00:00 0 
7f1274000000-7f1274641000 rwxp 00000000 00:00 0 
7f1274641000-7f1278000000 ---p 00000000 00:00 0 
7f127800f000-7f1278030000 rwxs 00000000 00:04 10027038                   /SYSV00000000 (deleted)
7f1278030000-7f1278039000 r-xs 00000000 00:0f 452273                     /var/cache/fontconfig/945677eb7aeaf62f1d50efc3fb3ec7d8-le64.cache-3
7f1278039000-7f127803d000 r-xs 00000000 00:0f 452271                     /var/cache/fontconfig/99e8ed0e538f840c565b6ed5dad60d56-le64.cache-3
7f127803d000-7f1278040000 r-xs 00000000 00:0f 452270                     /var/cache/fontconfig/e383d7ea5fbe662a33d9b44caf393297-le64.cache-3
7f1278040000-7f1278041000 r-xs 00000000 00:0f 452269                     /var/cache/fontconfig/fd9505950c048a77dc4b710eb6a628ed-le64.cache-3
7f1278041000-7f1278044000 r-xs 00000000 00:0f 452268                     /var/cache/fontconfig/ea47318ec9849e1a71e80a5d69d13859-le64.cache-3
7f1278044000-7f1278045000 r-xs 00000000 00:0f 452267                     /var/cache/fontconfig/f405a1a7cc2cec8999a47f0ed777435a-le64.cache-3
7f1278045000-7f1278046000 r-xs 00000000 00:0f 452266                     /var/cache/fontconfig/e7071f4a29fa870f4323321c154eba04-le64.cache-3
7f1278046000-7f1278047000 r-xs 00000000 00:0f 452265                     /var/cache/fontconfig/a2ab74764b07279e7c36ddb1d302cf26-le64.cache-3
7f1278047000-7f127804a000 r-xs 00000000 00:0f 452264                     /var/cache/fontconfig/b5ea634b0fb353b8ea17632d1f9ef766-le64.cache-3
7f127804a000-7f127804e000 r-xs 00000000 00:0f 452263                     /var/cache/fontconfig/6eb3985aa4124903f6ff08ba781cd364-le64.cache-3
7f127804e000-7f127804f000 r-xs 00000000 00:0f 452261                     /var/cache/fontconfig/4c73fe0c47614734b17d736dbde7580a-le64.cache-3
7f127804f000-7f1278050000 r-xs 00000000 00:0f 31947761                   /var/cache/fontconfig/0d8c3b2ac0904cb8a57a757ad11a4a08-le64.cache-3
7f1278050000-7f1278052000 r-xs 00000000 00:0f 31947760                   /var/cache/fontconfig/646addb8444faa74ee138aa00ab0b6a0-le64.cache-3
7f1278052000-7f1278053000 r-xs 00000000 00:0f 31947759                   /var/cache/fontconfig/6a53c69dea097a2d716e069445527da8-le64.cache-3
7f1278053000-7f1278059000 r-xs 00000000 00:0f 31947758                   /var/cache/fontconfig/a755afe4a08bf5b97852ceb7400b47bc-le64.cache-3
7f1278059000-7f1278062000 r-xs 00000000 00:0f 31947757                   /var/cache/fontconfig/6d41288fd70b0be22e8c3a91e032eec0-le64.cache-3
7f1278062000-7f1278065000 r-xs 00000000 00:0f 31947756                   /var/cache/fontconfig/de156ccd2eddbdc19d37a45b8b2aac9c-le64.cache-3
7f1278065000-7f1278067000 r-xs 00000000 00:0f 31947755                   /var/cache/fontconfig/da1bd5ca8443ffe22927a23ce431d198-le64.cache-3
7f1278067000-7f1278073000 r-xs 00000000 00:0f 31947754                   /var/cache/fontconfig/e3de0de479f42330eadf588a55fb5bf4-le64.cache-3
7f1278073000-7f1278083000 r-xs 00000000 00:0f 31947753                   /var/cache/fontconfig/0f34bcd4b6ee430af32735b75db7f02b-le64.cache-3
7f1278083000-7f1278086000 r-xs 00000000 00:0f 31947752                   /var/cache/fontconfig/d60319d88cac85ba9e1a07bd06cfbb8c-le64.cache-3
7f1278086000-7f1278087000 r-xs 00000000 00:0f 31947751                   /var/cache/fontconfig/9451a55048e8dbe8633e64d34165fdf2-le64.cache-3
7f1278087000-7f127808a000 r-xs 00000000 00:0f 31947750                   /var/cache/fontconfig/ddd4086aec35a5275babba44bb759c3c-le64.cache-3
7f127808a000-7f12780b8000 r-xs 00000000 00:0f 31947748                   /var/cache/fontconfig/365b55f210c0a22e9a19e35191240f32-le64.cache-3
7f12780b8000-7f12780bb000 r-xs 00000000 00:0f 31947747                   /var/cache/fontconfig/2c5ba8142dffc8bf0377700342b8ca1a-le64.cache-3
7f12780bb000-7f12780c5000 r-xs 00000000 00:0f 31947745                   /var/cache/fontconfig/d52a8644073d54c13679302ca1180695-le64.cache-3
7f12780c5000-7f12780e6000 r-xs 00000000 00:0f 26139766                   /var/cache/fontconfig/e13b20fdb08344e0e664864cc2ede53d-le64.cache-3
7f12780e6000-7f12780fc000 r-xp 00000000 00:15 31015694                   /usr/local/stow/jdk-6u25-ea-bin-b03/lib/jdk-6u25-ea-bin-b03/jre/lib/amd64/libdcpr.so
7f12780fc000-7f12781fe000 ---p 00016000 00:15 31015694                   /usr/local/stow/jdk-6u25-ea-bin-b03/lib/jdk-6u25-ea-bin-b03/jre/lib/amd64/libdcpr.so
7f12781fe000-7f1278216000 rwxp 00018000 00:15 31015694                   /usr/local/stow/jdk-6u25-ea-bin-b03/lib/jdk-6u25-ea-bin-b03/jre/lib/amd64/libdcpr.so
7f127821f000-7f1278223000 rwxs 00000000 00:04 10256411                   /SYSV00000000 (deleted)
7f1278227000-7f1278248000 rwxs 00000000 00:04 9601050                    /SYSV00000000 (deleted)
7f1278248000-7f12782c9000 rwxs 00000000 00:04 8880151                    /SYSV00000000 (deleted)
7f12782c9000-7f12782ce000 r-xp 00000000 00:0f 30773204                   /usr/lib/libXfixes.so.3.1.0
7f12782ce000-7f12784cd000 ---p 00005000 00:0f 30773204                   /usr/lib/libXfixes.so.3.1.0
7f12784cd000-7f12784ce000 r-xp 00004000 00:0f 30773204                   /usr/lib/libXfixes.so.3.1.0
7f12784ce000-7f12784cf000 rwxp 00005000 00:0f 30773204                   /usr/lib/libXfixes.so.3.1.0
7f12784cf000-7f12784d8000 r-xp 00000000 00:0f 15352977                   /usr/lib/libXrender.so.1.3.0
7f12784d8000-7f12786d7000 ---p 00009000 00:0f 15352977                   /usr/lib/libXrender.so.1.3.0
7f12786d7000-7f12786d8000 r-xp 00008000 00:0f 15352977                   /usr/lib/libXrender.so.1.3.0
7f12786d8000-7f12786d9000 rwxp 00009000 00:0f 15352977                   /usr/lib/libXrender.so.1.3.0
7f12786d9000-7f12786e2000 r-xp 00000000 00:0f 24923739                   /usr/lib/libXcursor.so.1.0.2
7f12786e2000-7f12788e1000 ---p 00009000 00:0f 24923739                   /usr/lib/libXcursor.so.1.0.2
7f12788e1000-7f12788e2000 r-xp 00008000 00:0f 24923739                   /usr/lib/libXcursor.so.1.0.2
7f12788e2000-7f12788e3000 rwxp 00009000 00:0f 24923739                   /usr/lib/libXcursor.so.1.0.2
7f12788e3000-7f12788ea000 r-xp 00000000 00:15 28919199                   /usr/local/stow/jdk-6u25-ea-bin-b03/lib/jdk-6u25-ea-bin-b03/jre/lib/amd64/libnio.so
7f12788ea000-7f12789e9000 ---p 00007000 00:15 28919199                   /usr/local/stow/jdk-6u25-ea-bin-b03/lib/jdk-6u25-ea-bin-b03/jre/lib/amd64/libnio.so
7f12789e9000-7f12789eb000 rwxp 00006000 00:15 28919199                   /usr/local/stow/jdk-6u25-ea-bin-b03/lib/jdk-6u25-ea-bin-b03/jre/lib/amd64/libnio.so
7f12789eb000-7f1278aac000 rwxp 00000000 00:00 0 
7f1278aac000-7f1278abf000 r-xp 00000000 00:15 28919198                   /usr/local/stow/jdk-6u25-ea-bin-b03/lib/jdk-6u25-ea-bin-b03/jre/lib/amd64/libnet.so
7f1278abf000-7f1278bc0000 ---p 00013000 00:15 28919198                   /usr/local/stow/jdk-6u25-ea-bin-b03/lib/jdk-6u25-ea-bin-b03/jre/lib/amd64/libnet.so
7f1278bc0000-7f1278bc3000 rwxp 00014000 00:15 28919198                   /usr/local/stow/jdk-6u25-ea-bin-b03/lib/jdk-6u25-ea-bin-b03/jre/lib/amd64/libnet.so
7f1278bc3000-7f1278bc6000 ---p 00000000 00:00 0 
7f1278bc6000-7f12790c4000 rwxp 00000000 00:00 0 
7f12790c4000-7f127913d000 r-xp 00000000 00:15 1334772                    /usr/local/stow/jdk-6u25-ea-bin-b03/lib/jdk-6u25-ea-bin-b03/jre/lib/amd64/libfontmanager.so
7f127913d000-7f127923c000 ---p 00079000 00:15 1334772                    /usr/local/stow/jdk-6u25-ea-bin-b03/lib/jdk-6u25-ea-bin-b03/jre/lib/amd64/libfontmanager.so
7f127923c000-7f1279251000 rwxp 00078000 00:15 1334772                    /usr/local/stow/jdk-6u25-ea-bin-b03/lib/jdk-6u25-ea-bin-b03/jre/lib/amd64/libfontmanager.so
7f1279251000-7f1279262000 rwxp 00000000 00:00 0 
7f1279262000-7f1279267000 r-xp 00000000 00:0f 15128035                   /usr/lib/libXdmcp.so.6.0.0
7f1279267000-7f1279466000 ---p 00005000 00:0f 15128035                   /usr/lib/libXdmcp.so.6.0.0
7f1279466000-7f1279467000 r-xp 00004000 00:0f 15128035                   /usr/lib/libXdmcp.so.6.0.0
7f1279467000-7f1279468000 rwxp 00005000 00:0f 15128035                   /usr/lib/libXdmcp.so.6.0.0
7f1279468000-7f127946a000 r-xp 00000000 00:0f 15128031                   /usr/lib/libXau.so.6.0.0
7f127946a000-7f127966a000 ---p 00002000 00:0f 15128031                   /usr/lib/libXau.so.6.0.0
7f127966a000-7f127966b000 r-xp 00002000 00:0f 15128031                   /usr/lib/libXau.so.6.0.0
7f127966b000-7f127966c000 rwxp 00003000 00:0f 15128031                   /usr/lib/libXau.so.6.0.0
7f127966c000-7f1279687000 r-xp 00000000 00:0f 15128039                   /usr/lib/libxcb.so.1.1.0
7f1279687000-7f1279886000 ---p 0001b000 00:0f 15128039                   /usr/lib/libxcb.so.1.1.0
7f1279886000-7f1279887000 r-xp 0001a000 00:0f 15128039                   /usr/lib/libxcb.so.1.1.0
7f1279887000-7f1279888000 rwxp 0001b000 00:0f 15128039                   /usr/lib/libxcb.so.1.1.0
7f1279888000-7f1279897000 r-xp 00000000 00:0f 32228378                   /usr/lib/libXi.so.6.1.0
7f1279897000-7f1279a96000 ---p 0000f000 00:0f 32228378                   /usr/lib/libXi.so.6.1.0
7f1279a96000-7f1279a97000 r-xp 0000e000 00:0f 32228378                   /usr/lib/libXi.so.6.1.0
7f1279a97000-7f1279a98000 rwxp 0000f000 00:0f 32228378                   /usr/lib/libXi.so.6.1.0
7f1279a98000-7f1279a9d000 r-xp 00000000 00:0f 32228370                   /usr/lib/libXtst.so.6.1.0
7f1279a9d000-7f1279c9d000 ---p 00005000 00:0f 32228370                   /usr/lib/libXtst.so.6.1.0
7f1279c9d000-7f1279c9e000 r-xp 00005000 00:0f 32228370                   /usr/lib/libXtst.so.6.1.0
7f1279c9e000-7f1279c9f000 rwxp 00006000 00:0f 32228370                   /usr/lib/libXtst.so.6.1.0
7f1279c9f000-7f1279dd0000 r-xp 00000000 00:0f 32228366                   /usr/lib/libX11.so.6.3.0
7f1279dd0000-7f1279fd0000 ---p 00131000 00:0f 32228366                   /usr/lib/libX11.so.6.3.0
7f1279fd0000-7f1279fd1000 r-xp 00131000 00:0f 32228366                   /usr/lib/libX11.so.6.3.0
7f1279fd1000-7f1279fd5000 rwxp 00132000 00:0f 32228366                   /usr/lib/libX11.so.6.3.0
7f1279fd5000-7f1279fe6000 r-xp 00000000 00:0f 32228374                   /usr/lib/libXext.so.6.4.0
7f1279fe6000-7f127a1e5000 ---p 00011000 00:0f 32228374                   /usr/lib/libXext.so.6.4.0
7f127a1e5000-7f127a1e6000 r-xp 00010000 00:0f 32228374                   /usr/lib/libXext.so.6.4.0
7f127a1e6000-7f127a1e7000 rwxp 00011000 00:0f 32228374                   /usr/lib/libXext.so.6.4.0
7f127a1e7000-7f127a1ed000 r-xs 00000000 00:0f 31947744                   /var/cache/fontconfig/105b9c7e6f0a4f82d8c9b6e39c52c6f9-le64.cache-3
7f127a1ed000-7f127a1f4000 r-xs 00000000 00:0f 31947743                   /var/cache/fontconfig/089dead882dea3570ffc31a9898cfb69-le64.cache-3
7f127a1f4000-7f127a208000 r-xs 00000000 00:0f 3909536                    /var/cache/fontconfig/865f88548240fee46819705c6468c165-le64.cache-3
7f127a208000-7f127a20f000 r-xs 00000000 00:0f 4655624                    /usr/lib/gconv/gconv-modules.cache
7f127a20f000-7f127a210000 r-xs 00000000 00:0f 31947749                   /var/cache/fontconfig/4794a0821666d79190d59a36cb4f44b5-le64.cache-3
7f127a210000-7f127a212000 r-xs 00000000 00:0f 31947746                   /var/cache/fontconfig/de9486f0b47a4d768a594cb4198cb1c6-le64.cache-3
7f127a212000-7f127a217000 r-xs 00000000 00:0f 31947741                   /var/cache/fontconfig/7ef2298fde41cc6eeb7af42e48b7d293-le64.cache-3
7f127a217000-7f127a21f000 r-xs 00000000 00:0f 3909537                    /var/cache/fontconfig/b83386915dae36184c7e3985fd26e4b1-le64.cache-3
7f127a21f000-7f127a227000 r-xs 00115000 00:15 14820179                   /usr/local/stow/jdk-6u25-ea-bin-b03/lib/jdk-6u25-ea-bin-b03/jre/lib/resources.jar
7f127a227000-7f127a269000 r-xp 00000000 00:15 28919196                   /usr/local/stow/jdk-6u25-ea-bin-b03/lib/jdk-6u25-ea-bin-b03/jre/lib/amd64/xawt/libmawt.so
7f127a269000-7f127a368000 ---p 00042000 00:15 28919196                   /usr/local/stow/jdk-6u25-ea-bin-b03/lib/jdk-6u25-ea-bin-b03/jre/lib/amd64/xawt/libmawt.so
7f127a368000-7f127a374000 rwxp 00041000 00:15 28919196                   /usr/local/stow/jdk-6u25-ea-bin-b03/lib/jdk-6u25-ea-bin-b03/jre/lib/amd64/xawt/libmawt.so
7f127a374000-7f127a375000 rwxp 00000000 00:00 0 
7f127a375000-7f127a407000 r-xp 00000000 00:15 11994999                   /usr/local/stow/jdk-6u25-ea-bin-b03/lib/jdk-6u25-ea-bin-b03/jre/lib/amd64/libawt.so
7f127a407000-7f127a506000 ---p 00092000 00:15 11994999                   /usr/local/stow/jdk-6u25-ea-bin-b03/lib/jdk-6u25-ea-bin-b03/jre/lib/amd64/libawt.so
7f127a506000-7f127a51f000 rwxp 00091000 00:15 11994999                   /usr/local/stow/jdk-6u25-ea-bin-b03/lib/jdk-6u25-ea-bin-b03/jre/lib/amd64/libawt.so
7f127a51f000-7f127a544000 rwxp 00000000 00:00 0 
7f127a544000-7f127a54e000 r-xs 0005b000 00:15 25218611                   /usr/local/stow/cytoscape-v2.6.2/lib/cytoscape-v2.6.2/lib/looks-2.1.4.jar
7f127a54e000-7f127a55a000 r-xs 00065000 00:15 25218610                   /usr/local/stow/cytoscape-v2.6.2/lib/cytoscape-v2.6.2/lib/l2fprod-common-all.jar
7f127a55a000-7f127a55d000 r-xs 0001b000 00:15 25218609                   /usr/local/stow/cytoscape-v2.6.2/lib/cytoscape-v2.6.2/lib/junit.jar
7f127a55d000-7f127a55e000 r-xs 00001000 00:15 9089576                    /usr/local/stow/cytoscape-v2.6.2/lib/cytoscape-v2.6.2/lib/jnlp.jar
7f127a55e000-7f127a567000 r-xs 00079000 00:15 9089575                    /usr/local/stow/cytoscape-v2.6.2/lib/cytoscape-v2.6.2/lib/jhall.jar
7f127a567000-7f127a56a000 r-xs 00023000 00:15 9089574                    /usr/local/stow/cytoscape-v2.6.2/lib/cytoscape-v2.6.2/lib/jdom-1.0.jar
7f127a56a000-7f127a573000 r-xs 00072000 00:15 9089573                    /usr/local/stow/cytoscape-v2.6.2/lib/cytoscape-v2.6.2/lib/jaxws-tools.jar
7f127a573000-7f127a575000 r-xs 0000d000 00:15 25218619                   /usr/local/stow/cytoscape-v2.6.2/lib/cytoscape-v2.6.2/lib/streambuffer.jar
7f127a575000-7f127a576000 r-xs 00002000 00:15 25218618                   /usr/local/stow/cytoscape-v2.6.2/lib/cytoscape-v2.6.2/lib/stax-ex.jar
7f127a576000-7f127a578000 r-xs 0000f000 00:15 25218614                   /usr/local/stow/cytoscape-v2.6.2/lib/cytoscape-v2.6.2/lib/resolver.jar
7f127a578000-7f127a57d000 r-xs 0004c000 00:15 25218617                   /usr/local/stow/cytoscape-v2.6.2/lib/cytoscape-v2.6.2/lib/sjsxp.jar
7f127a57d000-7f127a583000 r-xs 0003e000 00:15 25218616                   /usr/local/stow/cytoscape-v2.6.2/lib/cytoscape-v2.6.2/lib/saaj-impl.jar
7f127a583000-7f127a585000 r-xs 00003000 00:15 25218615                   /usr/local/stow/cytoscape-v2.6.2/lib/cytoscape-v2.6.2/lib/saaj-api.jar
7f127a585000-7f127a586000 r-xs 00001000 00:15 25218608                   /usr/local/stow/cytoscape-v2.6.2/lib/cytoscape-v2.6.2/lib/jsr250-api.jar
7f127a586000-7f127a587000 r-xs 00001000 00:15 25218607                   /usr/local/stow/cytoscape-v2.6.2/lib/cytoscape-v2.6.2/lib/jsr181-api.jar
7f127a587000-7f127a59d000 r-xs 000fd000 00:15 9089572                    /usr/local/stow/cytoscape-v2.6.2/lib/cytoscape-v2.6.2/lib/jaxws-rt.jar
7f127a59d000-7f127a59f000 r-xs 00007000 00:15 9089571                    /usr/local/stow/cytoscape-v2.6.2/lib/cytoscape-v2.6.2/lib/jaxws-api.jar
7f127a59f000-7f127a5a1000 r-xs 0000a000 00:15 25218606                   /usr/local/stow/cytoscape-v2.6.2/lib/cytoscape-v2.6.2/lib/jsr173_1.0_api.jar
7f127a5a1000-7f127a5b2000 r-xs 000b0000 00:15 9089570                    /usr/local/stow/cytoscape-v2.6.2/lib/cytoscape-v2.6.2/lib/jaxb-impl.jar
7f127a5b2000-7f127a5b5000 r-xs 0000f000 00:15 9089569                    /usr/local/stow/cytoscape-v2.6.2/lib/cytoscape-v2.6.2/lib/jaxb-api.jar
7f127a5b5000-7f127a5c2000 r-xs 0010a000 00:15 9089568                    /usr/local/stow/cytoscape-v2.6.2/lib/cytoscape-v2.6.2/lib/itext-2.0.4.jar
7f127a5c2000-7f127a5d4000 r-xs 000a3000 00:15 9089567                    /usr/local/stow/cytoscape-v2.6.2/lib/cytoscape-v2.6.2/lib/i4jruntime.jar
7f127a5d4000-7f127a5d6000 r-xs 00012000 00:15 9089566                    /usr/local/stow/cytoscape-v2.6.2/lib/cytoscape-v2.6.2/lib/http.jar
7f127a5d6000-7f127a5dc000 r-xs 0003d000 00:15 9089565                    /usr/local/stow/cytoscape-v2.6.2/lib/cytoscape-v2.6.2/lib/glf.jar
7f127a5dc000-7f127a5de000 r-xs 00002000 00:15 9089564                    /usr/local/stow/cytoscape-v2.6.2/lib/cytoscape-v2.6.2/lib/giny.jar
7f127a5de000-7f127a5e2000 r-xs 00028000 00:15 9089563                    /usr/local/stow/cytoscape-v2.6.2/lib/cytoscape-v2.6.2/lib/freehep-xml-2.1.1.jar
7f127a5e2000-7f127a5e4000 r-xs 0000a000 00:15 9089562                    /usr/local/stow/cytoscape-v2.6.2/lib/cytoscape-v2.6.2/lib/freehep-util-2.0.2.jar
7f127a5e4000-7f127a5ea000 r-xs 0002f000 00:15 9089561                    /usr/local/stow/cytoscape-v2.6.2/lib/cytoscape-v2.6.2/lib/freehep-swing-2.0.3.jar
7f127a5ea000-7f127a5f6000 r-xs 000a5000 00:15 9089560                    /usr/local/stow/cytoscape-v2.6.2/lib/cytoscape-v2.6.2/lib/freehep-jas-plotter-2.2.jar
7f127a5f6000-7f127a5f8000 r-xs 0000e000 00:15 9089559                    /usr/local/stow/cytoscape-v2.6.2/lib/cytoscape-v2.6.2/lib/freehep-io-2.0.2.jar
7f127a5f8000-7f127a5f9000 r-xs 00005000 00:15 9089558                    /usr/local/stow/cytoscape-v2.6.2/lib/cytoscape-v2.6.2/lib/freehep-graphicsio-svg-2.1.1.jar
7f127a5f9000-7f127a5fb000 r-xs 0000a000 00:15 9089557                    /usr/local/stow/cytoscape-v2.6.2/lib/cytoscape-v2.6.2/lib/freehep-graphicsio-ps-2.1.1.jar
7f127a5fb000-7f127a5fd000 r-xs 00007000 00:15 9089556                    /usr/local/stow/cytoscape-v2.6.2/lib/cytoscape-v2.6.2/lib/freehep-graphicsio-java-2.1.1.jar
7f127a5fd000-7f127a601000 r-xs 0002a000 00:15 17413829                   /usr/local/stow/cytoscape-v2.6.2/lib/cytoscape-v2.6.2/lib/freehep-graphicsio-2.1.1.jar
7f127a601000-7f127a603000 r-xs 0001d000 00:15 17413828                   /usr/local/stow/cytoscape-v2.6.2/lib/cytoscape-v2.6.2/lib/freehep-graphics2d-2.1.1.jar
7f127a603000-7f127a604000 r-xs 00004000 00:15 17413827                   /usr/local/stow/cytoscape-v2.6.2/lib/cytoscape-v2.6.2/lib/freehep-export-2.1.1.jar
7f127a604000-7f127a607000 r-xs 00016000 00:15 17413826                   /usr/local/stow/cytoscape-v2.6.2/lib/cytoscape-v2.6.2/lib/fing.jar
7f127a607000-7f127a609000 r-xs 00016000 00:15 17413825                   /usr/local/stow/cytoscape-v2.6.2/lib/cytoscape-v2.6.2/lib/ding.jar
7f127a609000-7f127a60c000 r-xs 00013000 00:15 17413824                   /usr/local/stow/cytoscape-v2.6.2/lib/cytoscape-v2.6.2/lib/cytoscape-util-intr.jar
7f127a60c000-7f127a60e000 r-xs 0000b000 00:15 17413823                   /usr/local/stow/cytoscape-v2.6.2/lib/cytoscape-v2.6.2/lib/cytoscape-task.jar
7f127a60e000-7f127a60f000 r-xs 00004000 00:15 17413822                   /usr/local/stow/cytoscape-v2.6.2/lib/cytoscape-v2.6.2/lib/cytoscape-render-stateful.jar
7f127a60f000-7f127a610000 r-xs 00005000 00:15 17413821                   /usr/local/stow/cytoscape-v2.6.2/lib/cytoscape-v2.6.2/lib/cytoscape-render-immed.jar
7f127a610000-7f127a611000 r-xs 00000000 00:15 17413820                   /usr/local/stow/cytoscape-v2.6.2/lib/cytoscape-v2.6.2/lib/cytoscape-render-export.jar
7f127a611000-7f127a612000 r-xs 00000000 00:15 17413819                   /usr/local/stow/cytoscape-v2.6.2/lib/cytoscape-v2.6.2/lib/cytoscape-graph-fixed.jar
7f127a612000-7f127a613000 r-xs 00005000 00:15 17413818                   /usr/local/stow/cytoscape-v2.6.2/lib/cytoscape-v2.6.2/lib/cytoscape-graph-dynamic.jar
7f127a613000-7f127a614000 r-xs 00000000 00:15 17413817                   /usr/local/stow/cytoscape-v2.6.2/lib/cytoscape-v2.6.2/lib/cytoscape-geom-spacial.jar
7f127a614000-7f127a616000 r-xs 0000a000 00:15 17413816                   /usr/local/stow/cytoscape-v2.6.2/lib/cytoscape-v2.6.2/lib/cytoscape-geom-rtree.jar
7f127a616000-7f127a617000 r-xs 00003000 00:15 17413815                   /usr/local/stow/cytoscape-v2.6.2/lib/cytoscape-v2.6.2/lib/cytoscape-cruft-obo.jar
7f127a617000-7f127a61e000 r-xs 00030000 00:15 17413814                   /usr/local/stow/cytoscape-v2.6.2/lib/cytoscape-v2.6.2/lib/concurrent.jar
7f127a61e000-7f127a61f000 r-xs 00009000 00:15 17413813                   /usr/local/stow/cytoscape-v2.6.2/lib/cytoscape-v2.6.2/lib/commons-cli-1.x-cytoscape-custom.jar
7f127a61f000-7f127a620000 r-xs 00001000 00:15 32146840                   /usr/local/stow/cytoscape-v2.6.2/lib/cytoscape-v2.6.2/lib/com-nerius-math-xform.jar
7f127a620000-7f127a622000 r-xs 00012000 00:15 17413812                   /usr/local/stow/cytoscape-v2.6.2/lib/cytoscape-v2.6.2/lib/coltginy.jar
7f127a622000-7f127a630000 r-xs 00081000 00:15 17413811                   /usr/local/stow/cytoscape-v2.6.2/lib/cytoscape-v2.6.2/lib/colt.jar
7f127a630000-7f127a668000 r-xs 00273000 00:15 17413810                   /usr/local/stow/cytoscape-v2.6.2/lib/cytoscape-v2.6.2/lib/biojava-1.4.jar
7f127a668000-7f127a694000 r-xs 00f1f000 00:15 32146834                   /usr/local/stow/cytoscape-v2.6.2/lib/cytoscape-v2.6.2/cytoscape.jar
7f127a694000-7f127a6c0000 r-xs 00f1f000 00:15 32146834                   /usr/local/stow/cytoscape-v2.6.2/lib/cytoscape-v2.6.2/cytoscape.jar
7f127a6c0000-7f127a6c1000 ---p 00000000 00:00 0 
7f127a6c1000-7f127a7c1000 rwxp 00000000 00:00 0 
7f127a7c1000-7f127a7c4000 ---p 00000000 00:00 0 
7f127a7c4000-7f127acc2000 rwxp 00000000 00:00 0 
7f127acc2000-7f127acc5000 ---p 00000000 00:00 0 
7f127acc5000-7f127adc3000 rwxp 00000000 00:00 0 
7f127adc3000-7f127adc6000 ---p 00000000 00:00 0 
7f127adc6000-7f127aec4000 rwxp 00000000 00:00 0 
7f127aec4000-7f127aec7000 ---p 00000000 00:00 0 
7f127aec7000-7f127b3c5000 rwxp 00000000 00:00 0 
7f127b3c5000-7f127b3fc000 r-xp 00000000 00:0f 23829923                   /usr/lib/locale/en_US/LC_CTYPE
7f127b3fc000-7f127b3ff000 ---p 00000000 00:00 0 
7f127b3ff000-7f127b8fd000 rwxp 00000000 00:00 0 
7f127b8fd000-7f127b900000 ---p 00000000 00:00 0 
7f127b900000-7f127bdfe000 rwxp 00000000 00:00 0 
7f127bdfe000-7f127bdff000 ---p 00000000 00:00 0 
7f127bdff000-7f127c000000 rwxp 00000000 00:00 0 
7f127c000000-7f127cecb000 rwxp 00000000 00:00 0 
7f127cecb000-7f1280000000 ---p 00000000 00:00 0 
7f1280000000-7f1280004000 r-xs 00000000 00:0f 26139765                   /var/cache/fontconfig/2c204173d3592afc30a350ed81f64c67-le64.cache-3
7f1280004000-7f1280005000 r-xs 00007000 00:15 25218625                   /usr/local/stow/cytoscape-v2.6.2/lib/cytoscape-v2.6.2/lib/wizard.jar
7f1280005000-7f1280006000 r-xs 00002000 00:15 25218624                   /usr/local/stow/cytoscape-v2.6.2/lib/cytoscape-v2.6.2/lib/violinstrings-1.0.2.jar
7f1280006000-7f1280007000 r-xs 00000000 00:15 25218623                   /usr/local/stow/cytoscape-v2.6.2/lib/cytoscape-v2.6.2/lib/undo.support.jar
7f1280007000-7f1280009000 r-xs 00009000 00:15 25218622                   /usr/local/stow/cytoscape-v2.6.2/lib/cytoscape-v2.6.2/lib/tclib.jar
7f1280009000-7f128001e000 r-xs 00102000 00:15 25218621                   /usr/local/stow/cytoscape-v2.6.2/lib/cytoscape-v2.6.2/lib/swingx-2006_10_27.jar
7f128001e000-7f128085a000 rwxp 00000000 00:00 0 
7f128085a000-7f12809f2000 r-xs 0302a000 00:15 17315698                   /usr/local/stow/jdk-6u25-ea-bin-b03/lib/jdk-6u25-ea-bin-b03/jre/lib/rt.jar
7f12809f2000-7f12809f3000 ---p 00000000 00:00 0 
7f12809f3000-7f1280af3000 rwxp 00000000 00:00 0 
7f1280af3000-7f1280af4000 ---p 00000000 00:00 0 
7f1280af4000-7f1280bf4000 rwxp 00000000 00:00 0 
7f1280bf4000-7f1280bf5000 ---p 00000000 00:00 0 
7f1280bf5000-7f1280cf5000 rwxp 00000000 00:00 0 
7f1280cf5000-7f1280cf6000 ---p 00000000 00:00 0 
7f1280cf6000-7f1280df6000 rwxp 00000000 00:00 0 
7f1280df6000-7f1280df7000 ---p 00000000 00:00 0 
7f1280df7000-7f1280ef7000 rwxp 00000000 00:00 0 
7f1280ef7000-7f1280ef8000 ---p 00000000 00:00 0 
7f1280ef8000-7f1280ff8000 rwxp 00000000 00:00 0 
7f1280ff8000-7f1280ff9000 ---p 00000000 00:00 0 
7f1280ff9000-7f12810f9000 rwxp 00000000 00:00 0 
7f12810f9000-7f12810fa000 ---p 00000000 00:00 0 
7f12810fa000-7f1281213000 rwxp 00000000 00:00 0 
7f1281213000-7f1281223000 rwxp 00000000 00:00 0 
7f1281223000-7f1281277000 rwxp 00000000 00:00 0 
7f1281277000-7f12812cd000 rwxp 00000000 00:00 0 
7f12812cd000-7f12812f8000 rwxp 00000000 00:00 0 
7f12812f8000-7f1281323000 rwxp 00000000 00:00 0 
7f1281323000-7f128132e000 rwxp 00000000 00:00 0 
7f128132e000-7f12813e4000 rwxp 00000000 00:00 0 
7f12813e4000-7f1281654000 rwxp 00000000 00:00 0 
7f1281654000-7f12843e4000 rwxp 00000000 00:00 0 
7f12843e4000-7f12843f2000 r-xp 00000000 00:15 1334774                    /usr/local/stow/jdk-6u25-ea-bin-b03/lib/jdk-6u25-ea-bin-b03/jre/lib/amd64/libzip.so
7f12843f2000-7f12844f4000 ---p 0000e000 00:15 1334774                    /usr/local/stow/jdk-6u25-ea-bin-b03/lib/jdk-6u25-ea-bin-b03/jre/lib/amd64/libzip.so
7f12844f4000-7f12844f7000 rwxp 00010000 00:15 1334774                    /usr/local/stow/jdk-6u25-ea-bin-b03/lib/jdk-6u25-ea-bin-b03/jre/lib/amd64/libzip.so
7f12844f7000-7f12844f8000 rwxp 00000000 00:00 0 
7f12844f8000-7f12845ed000 r-xs 00000000 00:10 37878252                   /specific/var/cache/nscd/passwd
7f12845ed000-7f1284604000 r-xp 00000000 00:0f 7160119                    /lib/libnsl-2.11.1.so
7f1284604000-7f1284803000 ---p 00017000 00:0f 7160119                    /lib/libnsl-2.11.1.so
7f1284803000-7f1284804000 r-xp 00016000 00:0f 7160119                    /lib/libnsl-2.11.1.so
7f1284804000-7f1284805000 rwxp 00017000 00:0f 7160119                    /lib/libnsl-2.11.1.so
7f1284805000-7f1284807000 rwxp 00000000 00:00 0 
7f1284807000-7f1284830000 r-xp 00000000 00:15 31015683                   /usr/local/stow/jdk-6u25-ea-bin-b03/lib/jdk-6u25-ea-bin-b03/jre/lib/amd64/libjava.so
7f1284830000-7f128492f000 ---p 00029000 00:15 31015683                   /usr/local/stow/jdk-6u25-ea-bin-b03/lib/jdk-6u25-ea-bin-b03/jre/lib/amd64/libjava.so
7f128492f000-7f1284936000 rwxp 00028000 00:15 31015683                   /usr/local/stow/jdk-6u25-ea-bin-b03/lib/jdk-6u25-ea-bin-b03/jre/lib/amd64/libjava.so
7f1284936000-7f1284943000 r-xp 00000000 00:15 28919204                   /usr/local/stow/jdk-6u25-ea-bin-b03/lib/jdk-6u25-ea-bin-b03/jre/lib/amd64/libverify.so
7f1284943000-7f1284a42000 ---p 0000d000 00:15 28919204                   /usr/local/stow/jdk-6u25-ea-bin-b03/lib/jdk-6u25-ea-bin-b03/jre/lib/amd64/libverify.so
7f1284a42000-7f1284a45000 rwxp 0000c000 00:15 28919204                   /usr/local/stow/jdk-6u25-ea-bin-b03/lib/jdk-6u25-ea-bin-b03/jre/lib/amd64/libverify.so
7f1284a45000-7f1284a4c000 r-xp 00000000 00:0f 7160129                    /lib/librt-2.11.1.so
7f1284a4c000-7f1284c4b000 ---p 00007000 00:0f 7160129                    /lib/librt-2.11.1.so
7f1284c4b000-7f1284c4c000 r-xp 00006000 00:0f 7160129                    /lib/librt-2.11.1.so
7f1284c4c000-7f1284c4d000 rwxp 00007000 00:0f 7160129                    /lib/librt-2.11.1.so
7f1284c4d000-7f1284c50000 ---p 00000000 00:00 0 
7f1284c50000-7f128514e000 rwxp 00000000 00:00 0 
7f128514e000-7f12851d0000 r-xp 00000000 00:0f 17448479                   /lib/libm-2.11.1.so
7f12851d0000-7f12853cf000 ---p 00082000 00:0f 17448479                   /lib/libm-2.11.1.so
7f12853cf000-7f12853d0000 r-xp 00081000 00:0f 17448479                   /lib/libm-2.11.1.so
7f12853d0000-7f12853d1000 rwxp 00082000 00:0f 17448479                   /lib/libm-2.11.1.so
7f12853d1000-7f1285ceb000 r-xp 00000000 00:15 31015690                   /usr/local/stow/jdk-6u25-ea-bin-b03/lib/jdk-6u25-ea-bin-b03/jre/lib/amd64/server/libjvm.so
7f1285ceb000-7f1285ded000 ---p 0091a000 00:15 31015690                   /usr/local/stow/jdk-6u25-ea-bin-b03/lib/jdk-6u25-ea-bin-b03/jre/lib/amd64/server/libjvm.so
7f1285ded000-7f1285fa2000 rwxp 0091c000 00:15 31015690                   /usr/local/stow/jdk-6u25-ea-bin-b03/lib/jdk-6u25-ea-bin-b03/jre/lib/amd64/server/libjvm.so
7f1285fa2000-7f1285fdc000 rwxp 00000000 00:00 0 
7f1285fdc000-7f1286154000 r-xp 00000000 00:0f 17448475                   /lib/libc-2.11.1.so
7f1286154000-7f1286354000 ---p 00178000 00:0f 17448475                   /lib/libc-2.11.1.so
7f1286354000-7f1286358000 r-xp 00178000 00:0f 17448475                   /lib/libc-2.11.1.so
7f1286358000-7f1286359000 rwxp 0017c000 00:0f 17448475                   /lib/libc-2.11.1.so
7f1286359000-7f128635e000 rwxp 00000000 00:00 0 
7f128635e000-7f1286360000 r-xp 00000000 00:0f 17448478                   /lib/libdl-2.11.1.so
7f1286360000-7f1286560000 ---p 00002000 00:0f 17448478                   /lib/libdl-2.11.1.so
7f1286560000-7f1286561000 r-xp 00002000 00:0f 17448478                   /lib/libdl-2.11.1.so
7f1286561000-7f1286562000 rwxp 00003000 00:0f 17448478                   /lib/libdl-2.11.1.so
7f1286562000-7f128657a000 r-xp 00000000 00:0f 7160127                    /lib/libpthread-2.11.1.so
7f128657a000-7f1286779000 ---p 00018000 00:0f 7160127                    /lib/libpthread-2.11.1.so
7f1286779000-7f128677a000 r-xp 00017000 00:0f 7160127                    /lib/libpthread-2.11.1.so
7f128677a000-7f128677b000 rwxp 00018000 00:0f 7160127                    /lib/libpthread-2.11.1.so
7f128677b000-7f128677f000 rwxp 00000000 00:00 0 
7f128677f000-7f128679f000 r-xp 00000000 00:0f 17448472                   /lib/ld-2.11.1.so
7f128679f000-7f12867a1000 r-xs 00025000 00:15 25218620                   /usr/local/stow/cytoscape-v2.6.2/lib/cytoscape-v2.6.2/lib/swing-layout-1.0.1.jar
7f12867a1000-7f12867a3000 r-xs 00012000 00:15 25218613                   /usr/local/stow/cytoscape-v2.6.2/lib/cytoscape-v2.6.2/lib/piccolo.jar
7f12867a3000-7f12867f7000 rwxp 00000000 00:00 0 
7f12867f7000-7f128684e000 rwxp 00000000 00:00 0 
7f128684e000-7f1286851000 rwxp 00000000 00:00 0 
7f1286851000-7f1286858000 r-xp 00000000 00:15 28919194                   /usr/local/stow/jdk-6u25-ea-bin-b03/lib/jdk-6u25-ea-bin-b03/jre/lib/amd64/jli/libjli.so
7f1286858000-7f1286959000 ---p 00007000 00:15 28919194                   /usr/local/stow/jdk-6u25-ea-bin-b03/lib/jdk-6u25-ea-bin-b03/jre/lib/amd64/jli/libjli.so
7f1286959000-7f128695b000 rwxp 00008000 00:15 28919194                   /usr/local/stow/jdk-6u25-ea-bin-b03/lib/jdk-6u25-ea-bin-b03/jre/lib/amd64/jli/libjli.so
7f128695b000-7f128695c000 rwxp 00000000 00:00 0 
7f128695c000-7f1286962000 r-xs 0003c000 00:15 25218612                   /usr/local/stow/cytoscape-v2.6.2/lib/cytoscape-v2.6.2/lib/phoebe.jar
7f1286962000-7f1286963000 r-xs 0000b000 00:15 17413809                   /usr/local/stow/cytoscape-v2.6.2/lib/cytoscape-v2.6.2/lib/activation.jar
7f1286963000-7f1286969000 r-xs 00042000 00:15 32146841                   /usr/local/stow/cytoscape-v2.6.2/lib/cytoscape-v2.6.2/lib/FastInfoset.jar
7f1286969000-7f1286982000 rwxp 00000000 00:00 0 
7f1286982000-7f1286992000 rwxp 00000000 00:00 0 
7f1286992000-7f128699a000 rwxs 00000000 00:12 23040                      /tmp/hsperfdata_amirmoua/6274
7f128699a000-7f128699b000 rwxp 00000000 00:00 0 
7f128699b000-7f128699c000 r-xp 00000000 00:00 0 
7f128699c000-7f128699e000 rwxp 00000000 00:00 0 
7f128699e000-7f128699f000 r-xp 0001f000 00:0f 17448472                   /lib/ld-2.11.1.so
7f128699f000-7f12869a0000 rwxp 00020000 00:0f 17448472                   /lib/ld-2.11.1.so
7f12869a0000-7f12869a1000 rwxp 00000000 00:00 0 
7fffa3c39000-7fffa3c5a000 rwxp 00000000 00:00 0                          [stack]
7fffa3d8f000-7fffa3d90000 r-xp 00000000 00:00 0                          [vdso]
ffffffffff600000-ffffffffff601000 r-xp 00000000 00:00 0                  [vsyscall]

VM Arguments:
jvm_args: -Dswing.aatext=true -Xss5M -Xmx512M 
java_command: /usr/local/lib/cytoscape-v2.6.2/cytoscape.jar cytoscape.CyMain -p plugins data/out/2_clustering_solution.xgmml
Launcher Type: SUN_STANDARD

Environment Variables:
JAVA_HOME=/usr/local/lib/jdk-6u25-ea-bin-b03
PATH=/usr/local/bin:/usr/bin:/bin:/usr/bin/X11:/usr/games:/usr/local32/bin:.
USERNAME=amirmoua
LD_LIBRARY_PATH=/usr/local/stow/jdk-6u25-ea-bin-b03/lib/jdk-6u25-ea-bin-b03/jre/lib/amd64/server:/usr/local/stow/jdk-6u25-ea-bin-b03/lib/jdk-6u25-ea-bin-b03/jre/lib/amd64:/usr/local/stow/jdk-6u25-ea-bin-b03/lib/jdk-6u25-ea-bin-b03/jre/../lib/amd64
SHELL=/bin/tcsh
DISPLAY=:0.0
HOSTTYPE=x86_64-linux
OSTYPE=linux
MACHTYPE=x86_64

Signal Handlers:
SIGSEGV: [libjvm.so+0x85f760], sa_mask[0]=0x7ffbfeff, sa_flags=0x10000004
SIGBUS: [libjvm.so+0x85f760], sa_mask[0]=0x7ffbfeff, sa_flags=0x10000004
SIGFPE: [libjvm.so+0x70e260], sa_mask[0]=0x7ffbfeff, sa_flags=0x10000004
SIGPIPE: [libjvm.so+0x70e260], sa_mask[0]=0x7ffbfeff, sa_flags=0x10000004
SIGXFSZ: [libjvm.so+0x70e260], sa_mask[0]=0x7ffbfeff, sa_flags=0x10000004
SIGILL: [libjvm.so+0x70e260], sa_mask[0]=0x7ffbfeff, sa_flags=0x10000004
SIGUSR1: SIG_DFL, sa_mask[0]=0x00000000, sa_flags=0x00000000
SIGUSR2: [libjvm.so+0x711070], sa_mask[0]=0x00000000, sa_flags=0x10000004
SIGHUP: [libjvm.so+0x710c70], sa_mask[0]=0x7ffbfeff, sa_flags=0x10000004
SIGINT: [libjvm.so+0x710c70], sa_mask[0]=0x7ffbfeff, sa_flags=0x10000004
SIGTERM: [libjvm.so+0x710c70], sa_mask[0]=0x7ffbfeff, sa_flags=0x10000004
SIGQUIT: [libjvm.so+0x710c70], sa_mask[0]=0x7ffbfeff, sa_flags=0x10000004


---------------  S Y S T E M  ---------------

OS:Red Hat Linux release 4

uname:Linux 3.2.1-64-net1 #12 SMP PREEMPT Thu Apr 19 15:43:45 IDT 2012 x86_64
libc:glibc 2.11.1 NPTL 2.11.1 
rlimit: STACK 8192k, CORE 0k, NPROC infinity, NOFILE 16384, AS infinity
load average:0.06 0.09 0.12

/proc/meminfo:
MemTotal:       16356004 kB
MemFree:        14410564 kB
Buffers:             412 kB
Cached:           955068 kB
SwapCached:            0 kB
Active:          1062572 kB
Inactive:         701856 kB
Active(anon):     815136 kB
Inactive(anon):     8764 kB
Active(file):     247436 kB
Inactive(file):   693092 kB
Unevictable:        7076 kB
Mlocked:            7076 kB
SwapTotal:      33559748 kB
SwapFree:       33559748 kB
Dirty:             39348 kB
Writeback:             0 kB
AnonPages:        816552 kB
Mapped:           141340 kB
Shmem:              9172 kB
Slab:              80592 kB
SReclaimable:      52916 kB
SUnreclaim:        27676 kB
KernelStack:        3176 kB
PageTables:        22136 kB
NFS_Unstable:          0 kB
Bounce:                0 kB
WritebackTmp:          0 kB
CommitLimit:    41737748 kB
Committed_AS:    1923240 kB
VmallocTotal:   34359738367 kB
VmallocUsed:      314192 kB
VmallocChunk:   34359421536 kB
HugePages_Total:       0
HugePages_Free:        0
HugePages_Rsvd:        0
HugePages_Surp:        0
Hugepagesize:       2048 kB
DirectMap4k:       10240 kB
DirectMap2M:    16658432 kB


CPU:total 8 (4 cores per cpu, 2 threads per core) family 6 model 42 stepping 7, cmov, cx8, fxsr, mmx, sse, sse2, sse3, ssse3, sse4.1, sse4.2, popcnt, ht

/proc/cpuinfo:
processor	: 0
vendor_id	: GenuineIntel
cpu family	: 6
model		: 42
model name	: Intel(R) Core(TM) i7-2600 CPU @ 3.40GHz
stepping	: 7
microcode	: 0x17
cpu MHz		: 3392.453
cache size	: 8192 KB
physical id	: 0
siblings	: 8
core id		: 0
cpu cores	: 4
apicid		: 0
initial apicid	: 0
fpu		: yes
fpu_exception	: yes
cpuid level	: 13
wp		: yes
flags		: fpu vme de pse tsc msr pae mce cx8 apic sep mtrr pge mca cmov pat pse36 clflush dts acpi mmx fxsr sse sse2 ss ht tm pbe syscall nx rdtscp lm constant_tsc arch_perfmon pebs bts rep_good nopl xtopology nonstop_tsc aperfmperf pni pclmulqdq dtes64 monitor ds_cpl vmx smx est tm2 ssse3 cx16 xtpr pdcm pcid sse4_1 sse4_2 x2apic popcnt tsc_deadline_timer aes xsave avx lahf_lm ida arat epb xsaveopt pln pts dts tpr_shadow vnmi flexpriority ept vpid
bogomips	: 6784.90
clflush size	: 64
cache_alignment	: 64
address sizes	: 36 bits physical, 48 bits virtual
power management:

processor	: 1
vendor_id	: GenuineIntel
cpu family	: 6
model		: 42
model name	: Intel(R) Core(TM) i7-2600 CPU @ 3.40GHz
stepping	: 7
microcode	: 0x17
cpu MHz		: 3392.453
cache size	: 8192 KB
physical id	: 0
siblings	: 8
core id		: 1
cpu cores	: 4
apicid		: 2
initial apicid	: 2
fpu		: yes
fpu_exception	: yes
cpuid level	: 13
wp		: yes
flags		: fpu vme de pse tsc msr pae mce cx8 apic sep mtrr pge mca cmov pat pse36 clflush dts acpi mmx fxsr sse sse2 ss ht tm pbe syscall nx rdtscp lm constant_tsc arch_perfmon pebs bts rep_good nopl xtopology nonstop_tsc aperfmperf pni pclmulqdq dtes64 monitor ds_cpl vmx smx est tm2 ssse3 cx16 xtpr pdcm pcid sse4_1 sse4_2 x2apic popcnt tsc_deadline_timer aes xsave avx lahf_lm ida arat epb xsaveopt pln pts dts tpr_shadow vnmi flexpriority ept vpid
bogomips	: 6784.26
clflush size	: 64
cache_alignment	: 64
address sizes	: 36 bits physical, 48 bits virtual
power management:

processor	: 2
vendor_id	: GenuineIntel
cpu family	: 6
model		: 42
model name	: Intel(R) Core(TM) i7-2600 CPU @ 3.40GHz
stepping	: 7
microcode	: 0x17
cpu MHz		: 3392.453
cache size	: 8192 KB
physical id	: 0
siblings	: 8
core id		: 2
cpu cores	: 4
apicid		: 4
initial apicid	: 4
fpu		: yes
fpu_exception	: yes
cpuid level	: 13
wp		: yes
flags		: fpu vme de pse tsc msr pae mce cx8 apic sep mtrr pge mca cmov pat pse36 clflush dts acpi mmx fxsr sse sse2 ss ht tm pbe syscall nx rdtscp lm constant_tsc arch_perfmon pebs bts rep_good nopl xtopology nonstop_tsc aperfmperf pni pclmulqdq dtes64 monitor ds_cpl vmx smx est tm2 ssse3 cx16 xtpr pdcm pcid sse4_1 sse4_2 x2apic popcnt tsc_deadline_timer aes xsave avx lahf_lm ida arat epb xsaveopt pln pts dts tpr_shadow vnmi flexpriority ept vpid
bogomips	: 6784.26
clflush size	: 64
cache_alignment	: 64
address sizes	: 36 bits physical, 48 bits virtual
power management:

processor	: 3
vendor_id	: GenuineIntel
cpu family	: 6
model		: 42
model name	: Intel(R) Core(TM) i7-2600 CPU @ 3.40GHz
stepping	: 7
microcode	: 0x17
cpu MHz		: 3392.453
cache size	: 8192 KB
physical id	: 0
siblings	: 8
core id		: 3
cpu cores	: 4
apicid		: 6
initial apicid	: 6
fpu		: yes
fpu_exception	: yes
cpuid level	: 13
wp		: yes
flags		: fpu vme de pse tsc msr pae mce cx8 apic sep mtrr pge mca cmov pat pse36 clflush dts acpi mmx fxsr sse sse2 ss ht tm pbe syscall nx rdtscp lm constant_tsc arch_perfmon pebs bts rep_good nopl xtopology nonstop_tsc aperfmperf pni pclmulqdq dtes64 monitor ds_cpl vmx smx est tm2 ssse3 cx16 xtpr pdcm pcid sse4_1 sse4_2 x2apic popcnt tsc_deadline_timer aes xsave avx lahf_lm ida arat epb xsaveopt pln pts dts tpr_shadow vnmi flexpriority ept vpid
bogomips	: 6784.25
clflush size	: 64
cache_alignment	: 64
address sizes	: 36 bits physical, 48 bits virtual
power management:

processor	: 4
vendor_id	: GenuineIntel
cpu family	: 6
model		: 42
model name	: Intel(R) Core(TM) i7-2600 CPU @ 3.40GHz
stepping	: 7
microcode	: 0x17
cpu MHz		: 3392.453
cache size	: 8192 KB
physical id	: 0
siblings	: 8
core id		: 0
cpu cores	: 4
apicid		: 1
initial apicid	: 1
fpu		: yes
fpu_exception	: yes
cpuid level	: 13
wp		: yes
flags		: fpu vme de pse tsc msr pae mce cx8 apic sep mtrr pge mca cmov pat pse36 clflush dts acpi mmx fxsr sse sse2 ss ht tm pbe syscall nx rdtscp lm constant_tsc arch_perfmon pebs bts rep_good nopl xtopology nonstop_tsc aperfmperf pni pclmulqdq dtes64 monitor ds_cpl vmx smx est tm2 ssse3 cx16 xtpr pdcm pcid sse4_1 sse4_2 x2apic popcnt tsc_deadline_timer aes xsave avx lahf_lm ida arat epb xsaveopt pln pts dts tpr_shadow vnmi flexpriority ept vpid
bogomips	: 6784.26
clflush size	: 64
cache_alignment	: 64
address sizes	: 36 bits physical, 48 bits virtual
power management:

processor	: 5
vendor_id	: GenuineIntel
cpu family	: 6
model		: 42
model name	: Intel(R) Core(TM) i7-2600 CPU @ 3.40GHz
stepping	: 7
microcode	: 0x17
cpu MHz		: 3392.453
cache size	: 8192 KB
physical id	: 0
siblings	: 8
core id		: 1
cpu cores	: 4
apicid		: 3
initial apicid	: 3
fpu		: yes
fpu_exception	: yes
cpuid level	: 13
wp		: yes
flags		: fpu vme de pse tsc msr pae mce cx8 apic sep mtrr pge mca cmov pat pse36 clflush dts acpi mmx fxsr sse sse2 ss ht tm pbe syscall nx rdtscp lm constant_tsc arch_perfmon pebs bts rep_good nopl xtopology nonstop_tsc aperfmperf pni pclmulqdq dtes64 monitor ds_cpl vmx smx est tm2 ssse3 cx16 xtpr pdcm pcid sse4_1 sse4_2 x2apic popcnt tsc_deadline_timer aes xsave avx lahf_lm ida arat epb xsaveopt pln pts dts tpr_shadow vnmi flexpriority ept vpid
bogomips	: 6784.26
clflush size	: 64
cache_alignment	: 64
address sizes	: 36 bits physical, 48 bits virtual
power management:

processor	: 6
vendor_id	: GenuineIntel
cpu family	: 6
model		: 42
model name	: Intel(R) Core(TM) i7-2600 CPU @ 3.40GHz
stepping	: 7
microcode	: 0x17
cpu MHz		: 3392.453
cache size	: 8192 KB
physical id	: 0
siblings	: 8
core id		: 2
cpu cores	: 4
apicid		: 5
initial apicid	: 5
fpu		: yes
fpu_exception	: yes
cpuid level	: 13
wp		: yes
flags		: fpu vme de pse tsc msr pae mce cx8 apic sep mtrr pge mca cmov pat pse36 clflush dts acpi mmx fxsr sse sse2 ss ht tm pbe syscall nx rdtscp lm constant_tsc arch_perfmon pebs bts rep_good nopl xtopology nonstop_tsc aperfmperf pni pclmulqdq dtes64 monitor ds_cpl vmx smx est tm2 ssse3 cx16 xtpr pdcm pcid sse4_1 sse4_2 x2apic popcnt tsc_deadline_timer aes xsave avx lahf_lm ida arat epb xsaveopt pln pts dts tpr_shadow vnmi flexpriority ept vpid
bogomips	: 6784.25
clflush size	: 64
cache_alignment	: 64
address sizes	: 36 bits physical, 48 bits virtual
power management:

processor	: 7
vendor_id	: GenuineIntel
cpu family	: 6
model		: 42
model name	: Intel(R) Core(TM) i7-2600 CPU @ 3.40GHz
stepping	: 7
microcode	: 0x17
cpu MHz		: 3392.453
cache size	: 8192 KB
physical id	: 0
siblings	: 8
core id		: 3
cpu cores	: 4
apicid		: 7
initial apicid	: 7
fpu		: yes
fpu_exception	: yes
cpuid level	: 13
wp		: yes
flags		: fpu vme de pse tsc msr pae mce cx8 apic sep mtrr pge mca cmov pat pse36 clflush dts acpi mmx fxsr sse sse2 ss ht tm pbe syscall nx rdtscp lm constant_tsc arch_perfmon pebs bts rep_good nopl xtopology nonstop_tsc aperfmperf pni pclmulqdq dtes64 monitor ds_cpl vmx smx est tm2 ssse3 cx16 xtpr pdcm pcid sse4_1 sse4_2 x2apic popcnt tsc_deadline_timer aes xsave avx lahf_lm ida arat epb xsaveopt pln pts dts tpr_shadow vnmi flexpriority ept vpid
bogomips	: 6784.26
clflush size	: 64
cache_alignment	: 64
address sizes	: 36 bits physical, 48 bits virtual
power management:



Memory: 4k page, physical 16356004k(14410564k free), swap 33559748k(33559748k free)

vm_info: Java HotSpot(TM) 64-Bit Server VM (20.0-b10) for linux-amd64 JRE (1.6.0_25-ea-b03), built on Feb 27 2011 01:19:19 by "java_re" with gcc 3.2.2 (SuSE Linux)

time: Thu Sep  6 18:23:02 2012
elapsed time: 165 seconds

